L 01/16/2026 - 03:34:30: Log file started (file "logs/L0116001.log") (game "cstrike") (version "48/1.1.2.7/Stdio/3378")
L 01/16/2026 - 03:34:35: "peopleRpoop<1><BOT><>" entered the game
L 01/16/2026 - 03:34:35: "peopleRpoop<1><BOT><>" joined team "CT"
L 01/16/2026 - 03:34:36: "red devil<2><BOT><>" entered the game
L 01/16/2026 - 03:34:36: "red devil<2><BOT><>" joined team "TERRORIST"
L 01/16/2026 - 03:34:36: World triggered "Game_Commencing"
L 01/16/2026 - 03:34:36: World triggered "Game_Commencing" (CT "0") (T "0")
L 01/16/2026 - 03:34:36: World triggered "Round_End"
L 01/16/2026 - 03:34:36: "cG PHAXD<3><BOT><>" entered the game
L 01/16/2026 - 03:34:36: "cG PHAXD<3><BOT><>" joined team "TERRORIST"
L 01/16/2026 - 03:34:36: "gixsir1000<4><BOT><>" entered the game
L 01/16/2026 - 03:34:36: "gixsir1000<4><BOT><>" joined team "CT"
L 01/16/2026 - 03:34:37: "-CARDIAC-<5><BOT><>" entered the game
L 01/16/2026 - 03:34:37: "-CARDIAC-<5><BOT><>" joined team "TERRORIST"
L 01/16/2026 - 03:34:37: "Counter123<6><BOT><>" entered the game
L 01/16/2026 - 03:34:37: "Counter123<6><BOT><>" joined team "CT"
L 01/16/2026 - 03:34:38: "The Muffin Man<7><BOT><>" entered the game
L 01/16/2026 - 03:34:38: "The Muffin Man<7><BOT><>" joined team "TERRORIST"
L 01/16/2026 - 03:34:38: "Death Knight<8><BOT><>" entered the game
L 01/16/2026 - 03:34:38: "Death Knight<8><BOT><>" joined team "CT"
L 01/16/2026 - 03:34:38: "Spriggan<9><BOT><>" entered the game
L 01/16/2026 - 03:34:38: "Spriggan<9><BOT><>" joined team "TERRORIST"
L 01/16/2026 - 03:34:39: "red devil<2><BOT><TERRORIST>" triggered "Spawned_With_The_Bomb"
L 01/16/2026 - 03:34:45: World triggered "Round_Start"
L 01/16/2026 - 03:34:53: "quantux<10><STEAM_0:1:101622284><>" connected, address "192.168.1.3:27005"
L 01/16/2026 - 03:34:57: "quantux<10><STEAM_0:1:101622284><>" entered the game
L 01/16/2026 - 03:34:58: "quantux<10><STEAM_0:1:101622284><>" joined team "CT"
L 01/16/2026 - 03:35:00: "-CARDIAC-<5><BOT><TERRORIST>" killed "Counter123<6><BOT><CT>" with "deagle"
L 01/16/2026 - 03:35:26: "The Muffin Man<7><BOT><TERRORIST>" killed "peopleRpoop<1><BOT><CT>" with "usp"
L 01/16/2026 - 03:35:26: "red devil<2><BOT><TERRORIST>" killed "quantux<10><STEAM_0:1:101622284><CT>" with "deagle"
L 01/16/2026 - 03:35:29: Rcon: "rcon 80890924 "admin123" amx_help" from "192.168.1.3:27005"
L 01/16/2026 - 03:35:37: "The Muffin Man<7><BOT><TERRORIST>" killed "gixsir1000<4><BOT><CT>" with "usp"
L 01/16/2026 - 03:35:41: "red devil<2><BOT><TERRORIST>" triggered "Planted_The_Bomb"
L 01/16/2026 - 03:35:52: Rcon: "rcon 80890924 "admin123" amx" from "192.168.1.3:27005"
L 01/16/2026 - 03:35:57: "The Muffin Man<7><BOT><TERRORIST>" killed "Death Knight<8><BOT><CT>" with "deagle"
L 01/16/2026 - 03:35:57: Team "TERRORIST" triggered "Terrorists_Win" (CT "0") (T "1")
L 01/16/2026 - 03:35:57: World triggered "Round_End"
L 01/16/2026 - 03:36:02: "cG PHAXD<3><BOT><TERRORIST>" triggered "Spawned_With_The_Bomb"
L 01/16/2026 - 03:36:08: World triggered "Round_Start"
L 01/16/2026 - 03:36:10: Rcon: "rcon 80890924 "admin123" amx_map" from "192.168.1.3:27005"
L 01/16/2026 - 03:36:14: Rcon: "rcon 80890924 "admin123" amx_map list" from "192.168.1.3:27005"
L 01/16/2026 - 03:36:17: Rcon: "rcon 80890924 "admin123" amx_maplist" from "192.168.1.3:27005"
L 01/16/2026 - 03:36:19: Rcon: "rcon 80890924 "admin123" amx_mapl" from "192.168.1.3:27005"
L 01/16/2026 - 03:36:20: Rcon: "rcon 80890924 "admin123" amx_map" from "192.168.1.3:27005"
L 01/16/2026 - 03:36:23: Rcon: "rcon 80890924 "admin123" amx_map cs_assault" from "192.168.1.3:27005"
L 01/16/2026 - 03:36:25: "peopleRpoop<1><BOT><CT>" disconnected
L 01/16/2026 - 03:36:25: "red devil<2><BOT><TERRORIST>" disconnected
L 01/16/2026 - 03:36:25: "cG PHAXD<3><BOT><TERRORIST>" triggered "Dropped_The_Bomb"
L 01/16/2026 - 03:36:25: "cG PHAXD<3><BOT><TERRORIST>" disconnected
L 01/16/2026 - 03:36:25: "gixsir1000<4><BOT><CT>" disconnected
L 01/16/2026 - 03:36:25: "-CARDIAC-<5><BOT><TERRORIST>" disconnected
L 01/16/2026 - 03:36:25: "Counter123<6><BOT><CT>" disconnected
L 01/16/2026 - 03:36:25: "The Muffin Man<7><BOT><TERRORIST>" disconnected
L 01/16/2026 - 03:36:25: "Death Knight<8><BOT><CT>" disconnected
L 01/16/2026 - 03:36:25: "Spriggan<9><BOT><TERRORIST>" disconnected
L 01/16/2026 - 03:36:25: [META] ini: Begin re-reading plugins list: /opt/steam/hlds/cstrike/addons/metamod/plugins.ini
L 01/16/2026 - 03:36:25: [META] ini: Read plugin config for: Reunion
L 01/16/2026 - 03:36:25: [META] ini: Read plugin config for: AMX Mod X
L 01/16/2026 - 03:36:25: [META] ini: Read plugin config for: YaPB
L 01/16/2026 - 03:36:25: [META] ini: Finished reading plugins list: /opt/steam/hlds/cstrike/addons/metamod/plugins.ini; Found 3 plugins
L 01/16/2026 - 03:36:25: [META] dll: Updating plugins...
L 01/16/2026 - 03:36:25: [META] dll: Finished updating 4 plugins; kept 3, loaded 0, unloaded 0, reloaded 0, delayed 0
L 01/16/2026 - 03:36:25: [META] dll: Rebuilding callbacks...
L 01/16/2026 - 03:36:25: [META] dll: Callbacks rebuilded.
L 01/16/2026 - 03:36:25: "quantux<10><STEAM_0:1:101622284><CT>" disconnected
L 01/16/2026 - 03:36:25: World triggered "Round_Draw" (CT "0") (T "1")
L 01/16/2026 - 03:36:25: World triggered "Round_End"
L 01/16/2026 - 03:36:25: Log file closed
