L 01/16/2026 - 03:36:25: Log file started (file "logs/L0116002.log") (game "cstrike") (version "48/1.1.2.7/Stdio/3378")
L 01/16/2026 - 03:36:25: Loading map "cs_assault"
L 01/16/2026 - 03:36:25: Server cvars start
L 01/16/2026 - 03:36:25: Server cvar "allow_spectators" = "1.0"
L 01/16/2026 - 03:36:25: Server cvar "amx_client_languages" = "1"
L 01/16/2026 - 03:36:25: Server cvar "amx_language" = "en"
L 01/16/2026 - 03:36:25: Server cvar "amx_nextmap" = "de_airstrip"
L 01/16/2026 - 03:36:25: Server cvar "amx_timeleft" = "00:00"
L 01/16/2026 - 03:36:25: Server cvar "amxmodx_version" = "1.8.2"
L 01/16/2026 - 03:36:25: Server cvar "coop" = "0"
L 01/16/2026 - 03:36:25: Server cvar "deathmatch" = "1"
L 01/16/2026 - 03:36:25: Server cvar "decalfrequency" = "30"
L 01/16/2026 - 03:36:25: Server cvar "edgefriction" = "2"
L 01/16/2026 - 03:36:25: Server cvar "ff_damage_reduction_bullets" = "0.35"
L 01/16/2026 - 03:36:25: Server cvar "ff_damage_reduction_grenade" = "0.25"
L 01/16/2026 - 03:36:25: Server cvar "ff_damage_reduction_grenade_self" = "1.0"
L 01/16/2026 - 03:36:25: Server cvar "ff_damage_reduction_other" = "0.35"
L 01/16/2026 - 03:36:25: Server cvar "game_version" = "5.26.0.668-dev"
L 01/16/2026 - 03:36:25: Server cvar "humans_join_team" = "any"
L 01/16/2026 - 03:36:25: Server cvar "max_queries_sec" = "3.0"
L 01/16/2026 - 03:36:25: Server cvar "max_queries_sec_global" = "30"
L 01/16/2026 - 03:36:25: Server cvar "max_queries_window" = "60"
L 01/16/2026 - 03:36:25: Server cvar "metamod_version" = "1.3.0.138"
L 01/16/2026 - 03:36:25: Server cvar "mp_afk_bomb_drop_time" = "0"
L 01/16/2026 - 03:36:25: Server cvar "mp_autokick" = "1"
L 01/16/2026 - 03:36:25: Server cvar "mp_autokick_timeout" = "-1"
L 01/16/2026 - 03:36:25: Server cvar "mp_autoteambalance" = "1"
L 01/16/2026 - 03:36:25: Server cvar "mp_buy_anywhere" = "0"
L 01/16/2026 - 03:36:25: Server cvar "mp_buytime" = "0.25"
L 01/16/2026 - 03:36:25: Server cvar "mp_c4timer" = "35"
L 01/16/2026 - 03:36:25: Server cvar "mp_chattime" = "10"
L 01/16/2026 - 03:36:25: Server cvar "mp_consistency" = "1"
L 01/16/2026 - 03:36:25: Server cvar "mp_fadetoblack" = "0"
L 01/16/2026 - 03:36:25: Server cvar "mp_falldamage" = "1"
L 01/16/2026 - 03:36:25: Server cvar "mp_flashlight" = "0"
L 01/16/2026 - 03:36:25: Server cvar "mp_footsteps" = "1"
L 01/16/2026 - 03:36:25: Server cvar "mp_forcecamera" = "0"
L 01/16/2026 - 03:36:25: Server cvar "mp_forcechasecam" = "0"
L 01/16/2026 - 03:36:25: Server cvar "mp_forcerespawn" = "0"
L 01/16/2026 - 03:36:25: Server cvar "mp_fraglimit" = "0"
L 01/16/2026 - 03:36:25: Server cvar "mp_fragsleft" = "0"
L 01/16/2026 - 03:36:25: Server cvar "mp_freeforall" = "0"
L 01/16/2026 - 03:36:25: Server cvar "mp_freezetime" = "6"
L 01/16/2026 - 03:36:25: Server cvar "mp_friendlyfire" = "0"
L 01/16/2026 - 03:36:25: Server cvar "mp_give_player_c4" = "1"
L 01/16/2026 - 03:36:25: Server cvar "mp_hostage_hurtable" = "1"
L 01/16/2026 - 03:36:25: Server cvar "mp_hostagepenalty" = "13"
L 01/16/2026 - 03:36:25: Server cvar "mp_infinite_ammo" = "0"
L 01/16/2026 - 03:36:25: Server cvar "mp_infinite_grenades" = "0"
L 01/16/2026 - 03:36:25: Server cvar "mp_item_staytime" = "300"
L 01/16/2026 - 03:36:25: Server cvar "mp_kickpercent" = "0.66"
L 01/16/2026 - 03:36:25: Server cvar "mp_limitteams" = "1"
L 01/16/2026 - 03:36:25: Server cvar "mp_logdetail" = "0"
L 01/16/2026 - 03:36:25: Server cvar "mp_logfile" = "1"
L 01/16/2026 - 03:36:25: Server cvar "mp_logmessages" = "1"
L 01/16/2026 - 03:36:25: Server cvar "mp_mapvoteratio" = "0.66"
L 01/16/2026 - 03:36:25: Server cvar "mp_maxmoney" = "16000"
L 01/16/2026 - 03:36:25: Server cvar "mp_maxrounds" = "0"
L 01/16/2026 - 03:36:25: Server cvar "mp_playerid" = "0"
L 01/16/2026 - 03:36:25: Server cvar "mp_radio_maxinround" = "60"
L 01/16/2026 - 03:36:25: Server cvar "mp_radio_timeout" = "1.5"
L 01/16/2026 - 03:36:25: Server cvar "mp_respawn_immunity_effects" = "1"
L 01/16/2026 - 03:36:25: Server cvar "mp_respawn_immunity_force_unset" = "1"
L 01/16/2026 - 03:36:25: Server cvar "mp_respawn_immunitytime" = "0"
L 01/16/2026 - 03:36:25: Server cvar "mp_round_infinite" = "0"
L 01/16/2026 - 03:36:25: Server cvar "mp_round_restart_delay" = "5"
L 01/16/2026 - 03:36:25: Server cvar "mp_roundover" = "0"
L 01/16/2026 - 03:36:25: Server cvar "mp_roundtime" = "1.75"
L 01/16/2026 - 03:36:25: Server cvar "mp_scoreboard_showdefkit" = "1"
L 01/16/2026 - 03:36:25: Server cvar "mp_scoreboard_showhealth" = "3"
L 01/16/2026 - 03:36:25: Server cvar "mp_scoreboard_showmoney" = "3"
L 01/16/2026 - 03:36:25: Server cvar "mp_show_scenarioicon" = "0"
L 01/16/2026 - 03:36:25: Server cvar "mp_startmoney" = "800"
L 01/16/2026 - 03:36:25: Server cvar "mp_timeleft" = "00:00"
L 01/16/2026 - 03:36:25: Server cvar "mp_timelimit" = "0"
L 01/16/2026 - 03:36:25: Server cvar "mp_tkpunish" = "0"
L 01/16/2026 - 03:36:25: Server cvar "mp_weapons_allow_map_placed" = "1"
L 01/16/2026 - 03:36:25: Server cvar "mp_windifference" = "1"
L 01/16/2026 - 03:36:25: Server cvar "mp_winlimit" = "0"
L 01/16/2026 - 03:36:25: Server cvar "pausable" = "0"
L 01/16/2026 - 03:36:25: Server cvar "reu_version" = "0.2.0.25"
L 01/16/2026 - 03:36:25: Server cvar "sv_accelerate" = "5"
L 01/16/2026 - 03:36:25: Server cvar "sv_aim" = "1"
L 01/16/2026 - 03:36:25: Server cvar "sv_airaccelerate" = "10"
L 01/16/2026 - 03:36:25: Server cvar "sv_allowupload" = "1"
L 01/16/2026 - 03:36:25: Server cvar "sv_alltalk" = "0"
L 01/16/2026 - 03:36:25: Server cvar "sv_bounce" = "1"
L 01/16/2026 - 03:36:25: Server cvar "sv_cheats" = "0"
L 01/16/2026 - 03:36:25: Server cvar "sv_clienttrace" = "1"
L 01/16/2026 - 03:36:25: Server cvar "sv_contact" = ""
L 01/16/2026 - 03:36:25: Server cvar "sv_friction" = "4"
L 01/16/2026 - 03:36:25: Server cvar "sv_gravity" = "800"
L 01/16/2026 - 03:36:25: Server cvar "sv_logblocks" = "0"
L 01/16/2026 - 03:36:25: Server cvar "sv_maxrate" = "100000"
L 01/16/2026 - 03:36:25: Server cvar "sv_maxspeed" = "900"
L 01/16/2026 - 03:36:25: Server cvar "sv_minrate" = "25000"
L 01/16/2026 - 03:36:25: Server cvar "sv_password" = ""
L 01/16/2026 - 03:36:25: Server cvar "sv_proxies" = "1"
L 01/16/2026 - 03:36:25: Server cvar "sv_restart" = "0"
L 01/16/2026 - 03:36:25: Server cvar "sv_restartround" = "0"
L 01/16/2026 - 03:36:25: Server cvar "sv_stepsize" = "18"
L 01/16/2026 - 03:36:25: Server cvar "sv_stopspeed" = "75"
L 01/16/2026 - 03:36:25: Server cvar "sv_uploadmax" = "0.5"
L 01/16/2026 - 03:36:25: Server cvar "sv_version" = "1.1.2.7/Stdio,48,3378"
L 01/16/2026 - 03:36:25: Server cvar "sv_voiceenable" = "1"
L 01/16/2026 - 03:36:25: Server cvar "sv_wateraccelerate" = "10"
L 01/16/2026 - 03:36:25: Server cvar "sv_waterfriction" = "1"
L 01/16/2026 - 03:36:25: Server cvar "yb_version" = "4.4.957"
L 01/16/2026 - 03:36:25: Server cvars end
L 01/16/2026 - 03:36:25: Server cvar "mp_timelimit" = "20"
L 01/16/2026 - 03:36:25: Server cvar "amx_nextmap" = "cs_havana"
L 01/16/2026 - 03:36:26: Started map "cs_assault" (CRC "777915923")
L 01/16/2026 - 03:36:27: "quantux<10><STEAM_0:1:101622284><>" entered the game
L 01/16/2026 - 03:36:28: "quantux<10><STEAM_0:1:101622284><>" joined team "TERRORIST"
L 01/16/2026 - 03:36:30: "peopleRpoop<11><BOT><>" entered the game
L 01/16/2026 - 03:36:30: "peopleRpoop<11><BOT><>" joined team "CT"
L 01/16/2026 - 03:36:30: World triggered "Game_Commencing"
L 01/16/2026 - 03:36:30: World triggered "Game_Commencing" (CT "0") (T "0")
L 01/16/2026 - 03:36:30: World triggered "Round_End"
L 01/16/2026 - 03:36:30: "red devil<12><BOT><>" entered the game
L 01/16/2026 - 03:36:30: "red devil<12><BOT><>" joined team "TERRORIST"
L 01/16/2026 - 03:36:30: "cG PHAXD<13><BOT><>" entered the game
L 01/16/2026 - 03:36:30: "cG PHAXD<13><BOT><>" joined team "CT"
L 01/16/2026 - 03:36:31: "gixsir1000<14><BOT><>" entered the game
L 01/16/2026 - 03:36:31: "gixsir1000<14><BOT><>" joined team "CT"
L 01/16/2026 - 03:36:31: "-CARDIAC-<15><BOT><>" entered the game
L 01/16/2026 - 03:36:31: "-CARDIAC-<15><BOT><>" joined team "TERRORIST"
L 01/16/2026 - 03:36:32: "Counter123<16><BOT><>" entered the game
L 01/16/2026 - 03:36:32: "Counter123<16><BOT><>" joined team "CT"
L 01/16/2026 - 03:36:32: "The Muffin Man<17><BOT><>" entered the game
L 0