L 01/19/2026 - 05:20:38: Log file started (file "logs/L0119000.log") (game "cstrike") (version "48/1.1.2.7/Stdio/4002")
L 01/19/2026 - 05:20:42: "quantux<1><STEAM_0:1:101622284><>" connected, address "192.168.1.3:27005"
L 01/19/2026 - 05:20:43: "quantux<1><STEAM_0:1:101622284><>" entered the game
L 01/19/2026 - 05:20:44: "quantux<1><STEAM_0:1:101622284><>" joined team "TERRORIST"
L 01/19/2026 - 05:20:44: "quantux<1><STEAM_0:1:101622284><TERRORIST>" triggered "Spawned_With_The_Bomb"
L 01/19/2026 - 05:20:46: World triggered "Round_Start"
L 01/19/2026 - 05:20:50: Rcon: "rcon 726814770 "admin123" yb team fill" from "192.168.1.3:27005"
L 01/19/2026 - 05:20:56: Rcon: "rcon 726814770 "admin123" yb fill team" from "192.168.1.3:27005"
L 01/19/2026 - 05:20:56: "SaVaGe_RuBy<2><BOT><>" entered the game
L 01/19/2026 - 05:20:56: "SaVaGe_RuBy<2><BOT><>" joined team "CT"
L 01/19/2026 - 05:20:56: Kick: "SaVaGe_RuBy<2><><>" was kicked by "Console"
L 01/19/2026 - 05:20:56: "SaVaGe_RuBy<2><BOT><CT>" disconnected
L 01/19/2026 - 05:20:56: "eGGfOO<3><BOT><>" entered the game
L 01/19/2026 - 05:20:56: "eGGfOO<3><BOT><>" joined team "CT"
L 01/19/2026 - 05:20:56: World triggered "Game_Commencing"
L 01/19/2026 - 05:20:56: World triggered "Game_Commencing" (CT "0") (T "0")
L 01/19/2026 - 05:20:56: World triggered "Round_End"
L 01/19/2026 - 05:20:56: "gixsir1000<4><BOT><>" entered the game
L 01/19/2026 - 05:20:56: "gixsir1000<4><BOT><>" joined team "TERRORIST"
L 01/19/2026 - 05:20:56: "kaosbob<5><BOT><>" entered the game
L 01/19/2026 - 05:20:56: "kaosbob<5><BOT><>" joined team "CT"
L 01/19/2026 - 05:20:56: "RAGE OF THE BOY<6><BOT><>" entered the game
L 01/19/2026 - 05:20:56: "RAGE OF THE BOY<6><BOT><>" joined team "CT"
L 01/19/2026 - 05:20:56: "-CARDIAC-<7><BOT><>" entered the game
L 01/19/2026 - 05:20:56: "-CARDIAC-<7><BOT><>" joined team "TERRORIST"
L 01/19/2026 - 05:20:56: "The BiG SMUT<8><BOT><>" entered the game
L 01/19/2026 - 05:20:56: "The BiG SMUT<8><BOT><>" joined team "TERRORIST"
L 01/19/2026 - 05:20:56: "shooterman<9><BOT><>" entered the game
L 01/19/2026 - 05:20:56: "shooterman<9><BOT><>" joined team "CT"
L 01/19/2026 - 05:20:56: "SuperWaffle<10><BOT><>" entered the game
L 01/19/2026 - 05:20:56: "SuperWaffle<10><BOT><>" joined team "TERRORIST"
L 01/19/2026 - 05:20:57: "ChRoNo<11><BOT><>" entered the game
L 01/19/2026 - 05:20:57: "ChRoNo<11><BOT><>" joined team "CT"
L 01/19/2026 - 05:20:57: "Dk-Unknown<12><BOT><>" entered the game
L 01/19/2026 - 05:20:57: "Dk-Unknown<12><BOT><>" joined team "TERRORIST"
L 01/19/2026 - 05:20:57: "thunder<13><BOT><>" entered the game
L 01/19/2026 - 05:20:57: "thunder<13><BOT><>" joined team "CT"
L 01/19/2026 - 05:20:57: "Fat Matt<14><BOT><>" entered the game
L 01/19/2026 - 05:20:57: "Fat Matt<14><BOT><>" joined team "TERRORIST"
L 01/19/2026 - 05:20:57: "alldritc<15><BOT><>" entered the game
L 01/19/2026 - 05:20:57: "alldritc<15><BOT><>" joined team "CT"
L 01/19/2026 - 05:20:57: "Tator<16><BOT><>" entered the game
L 01/19/2026 - 05:20:57: "Tator<16><BOT><>" joined team "CT"
L 01/19/2026 - 05:20:57: Kick: "eGGfOO<3><><>" was kicked by "Console"
L 01/19/2026 - 05:20:57: "eGGfOO<3><BOT><CT>" disconnected
L 01/19/2026 - 05:20:59: "gixsir1000<4><BOT><TERRORIST>" triggered "Spawned_With_The_Bomb"
L 01/19/2026 - 05:21:02: World triggered "Round_Start"
L 01/19/2026 - 05:21:17: "gixsir1000<4><BOT><TERRORIST>" killed "RAGE OF THE BOY<6><BOT><CT>" with "glock18"
L 01/19/2026 - 05:21:27: "kaosbob<5><BOT><CT>" killed "gixsir1000<4><BOT><TERRORIST>" with "deagle"
L 01/19/2026 - 05:21:27: "gixsir1000<4><BOT><TERRORIST>" triggered "Dropped_The_Bomb"
L 01/19/2026 - 05:21:29: "kaosbob<5><BOT><CT>" killed "The BiG SMUT<8><BOT><TERRORIST>" with "deagle"
L 01/19/2026 - 05:21:30: "SuperWaffle<10><BOT><TERRORIST>" killed "kaosbob<5><BOT><CT>" with "usp"
L 01/19/2026 - 05:21:31: "thunder<13><BOT><CT>" killed "Fat Matt<14><BOT><TERRORIST>" with "deagle"
L 01/19/2026 - 05:21:31: "SuperWaffle<10><BOT><TERRORIST>" triggered "Got_The_Bomb"
L 01/19/2026 - 05:21:46: "thunder<13><BOT><CT>" killed "SuperWaffle<10><BOT><TERRORIST>" with "deagl